<?xml version="1.0" encoding="UTF-8"?>
<Site BuildName="(empty)"
	BuildStamp="20201205-2242-Experimental"
	Name="(empty)"
	Generator="ctest-3.10.2"
	CompilerName=""
	CompilerVersion=""
	OSName="Linux"
	Hostname="andressanchez"
	OSRelease="5.4.0-56-generic"
	OSVersion="#62~18.04.1-Ubuntu SMP Tue Nov 24 10:07:50 UTC 2020"
	OSPlatform="x86_64"
	Is64Bits="1"
	VendorString="GenuineIntel"
	VendorID="Intel Corporation"
	FamilyID="6"
	ModelID="61"
	ProcessorCacheSize="4096"
	NumberOfLogicalCPU="4"
	NumberOfPhysicalCPU="2"
	TotalVirtualMemory="2047"
	TotalPhysicalMemory="7876"
	LogicalProcessorsPerPhysical="2"
	ProcessorClockFrequency="2859.5"
	>
	<Testing>
		<StartDateTime>Dec 05 23:48 CET</StartDateTime>
		<StartTestTime>1607208492</StartTestTime>
		<TestList>
			<Test>./test/SampleTest</Test>
		</TestList>
		<Test Status="passed">
			<Name>SampleTest</Name>
			<Path>./test</Path>
			<FullName>./test/SampleTest</FullName>
			<FullCommandLine>/home/andressanchez/Escritorio/GIT/project_template/build/test/example</FullCommandLine>
			<Results>
				<NamedMeasurement type="numeric/double" name="Execution Time">
					<Value>0.00802183</Value>
				</NamedMeasurement>
				<NamedMeasurement type="numeric/double" name="Processors">
					<Value>1</Value>
				</NamedMeasurement>
				<NamedMeasurement type="text/string" name="Completion Status">
					<Value>Completed</Value>
				</NamedMeasurement>
				<NamedMeasurement type="text/string" name="Command Line">
					<Value>/home/andressanchez/Escritorio/GIT/project_template/build/test/example</Value>
				</NamedMeasurement>
				<Measurement>
					<Value encoding="base64" compression="gzip">eJyNkMtqw0AMRff+Ci3jhT3tB3QRiAml9IGTrowJk7HiTJmRzIzcln597TiEuFDIXelxkK5U9kSWWvDa0iKFQ2AP6sgelaYmYIyazBF/VBFNsMLBslo/blUX+AON7AR957Sg2vfWNaplbh0KRsliMFepOqVjtBs35cYk1cNFNZRnG/cwMpONcxx7K5gnVXZRDWvHe+2mPtKnDUweaWBRsr77A1/PLL71YBi3QyEmFZTvL3BSPevkK/RMUcJw2Vh4XprAIz/p9ekmHhZ34GN6m5kJBmHRLk1uu1ZQh6zhL5r/8r8fQtCUz/cMF70tN5tiNX5gYvPkF2MPrb0=</Value>
				</Measurement>
			</Results>
		</Test>
		<EndDateTime>Dec 05 23:48 CET</EndDateTime>
		<EndTestTime>1607208492</EndTestTime>
		<ElapsedMinutes>0</ElapsedMinutes>
	</Testing>
</Site>
